"FreeRTOS Task Aware Debugger for GDB" version 11.2.0 (202001021529)
(c) 2016-2018 NXP Semiconductors, Inc.
==================================
18:41:05.962 INFO: [TadModel] DSF session ID 8 has started.
18:41:10.422 INFO: [TadState] TAD state changed:  DEBUG_STARTED -> DEBUG_INIT_0 (RESUMED, USER_REQUEST)
18:41:10.542 INFO: [TadState] TAD state changed:  DEBUG_INIT_0 -> DEBUG_INIT_1 (SUSPENDED, SIGNAL)
18:41:11.435 INFO: [TadState] TAD state changed:  DEBUG_INIT_1 -> DEBUG_SUSPENDED (RESUMED, USER_REQUEST)
18:41:11.544 INFO: [TadState] TAD state changed:  DEBUG_SUSPENDED -> DEBUG_SUSPENDED (SUSPENDED, BREAKPOINT)
18:41:13.587 INFO: [TadState] TAD state changed:  DEBUG_SUSPENDED -> DEBUG_RESUMED (RESUMED, USER_REQUEST)
18:42:16.90 INFO: [TadState] TAD state changed:  DEBUG_RESUMED -> DEBUG_RESUMED (RESUMED, USER_REQUEST)
18:42:16.150 INFO: [TadState] TAD state changed:  DEBUG_RESUMED -> DEBUG_RESUMED (RESUMED, USER_REQUEST)
18:42:16.151 INFO: [TadState] TAD state changed:  DEBUG_RESUMED -> DEBUG_RESUMED (RESUMED, USER_REQUEST)
18:42:16.195 INFO: [TadState] TAD state changed:  DEBUG_RESUMED -> READY (SUSPENDED, SIGNAL)
18:42:16.407 INFO: [Benchmark] Loading data for "Determine FreeRTOS version" has started.
18:42:16.662 INFO: [TadModel] Heap type (memory allocation scheme) has been identified from FreeRTOSDebugConfig structure as Heap #3. 
18:42:16.663 INFO: [TadModel] FreeRTOS version has been identified from FreeRTOSDebugConfig structure as 10.2.0.
18:42:16.663 INFO: [Benchmark] Loading data for "Determine FreeRTOS version" took 256 ms.
18:42:16.663 INFO: [Benchmark] Loading data for "Heap Usage" has started.
18:42:16.664 INFO: [Benchmark] Loaded data for "Heap Usage" from cache.
18:44:37.701 INFO: [TadModel] DSF session ID 8 has ended.
