"FreeRTOS Task Aware Debugger for GDB" version 11.2.0 (202001021529)
(c) 2016-2018 NXP Semiconductors, Inc.
==================================
18:34:03.651 INFO: [TadModel] DSF session ID 5 has started.
18:34:07.453 INFO: [TadState] TAD state changed:  DEBUG_STARTED -> DEBUG_INIT_0 (RESUMED, USER_REQUEST)
18:34:07.604 INFO: [TadState] TAD state changed:  DEBUG_INIT_0 -> DEBUG_INIT_1 (SUSPENDED, SIGNAL)
18:34:08.295 INFO: [TadState] TAD state changed:  DEBUG_INIT_1 -> DEBUG_SUSPENDED (RESUMED, USER_REQUEST)
18:34:08.399 INFO: [TadState] TAD state changed:  DEBUG_SUSPENDED -> DEBUG_SUSPENDED (SUSPENDED, BREAKPOINT)
18:34:11.414 INFO: [TadState] TAD state changed:  DEBUG_SUSPENDED -> DEBUG_RESUMED (RESUMED, USER_REQUEST)
18:34:43.119 INFO: [TadState] TAD state changed:  DEBUG_RESUMED -> DEBUG_RESUMED (RESUMED, USER_REQUEST)
18:34:43.179 INFO: [TadState] TAD state changed:  DEBUG_RESUMED -> DEBUG_RESUMED (RESUMED, USER_REQUEST)
18:34:43.180 INFO: [TadState] TAD state changed:  DEBUG_RESUMED -> DEBUG_RESUMED (RESUMED, USER_REQUEST)
18:34:43.327 INFO: [TadState] TAD state changed:  DEBUG_RESUMED -> READY (SUSPENDED, SIGNAL)
18:34:43.564 INFO: [Benchmark] Loading data for "Determine FreeRTOS version" has started.
18:34:43.664 INFO: [TadModel] Heap type (memory allocation scheme) has been identified from FreeRTOSDebugConfig structure as Heap #3. 
18:34:43.665 INFO: [TadModel] FreeRTOS version has been identified from FreeRTOSDebugConfig structure as 10.2.0.
18:34:43.665 INFO: [Benchmark] Loading data for "Determine FreeRTOS version" took 101 ms.
18:34:43.665 INFO: [Benchmark] Loading data for "Heap Usage" has started.
18:34:43.666 INFO: [Benchmark] Loaded data for "Heap Usage" from cache.
18:37:52.799 INFO: [TadModel] DSF session ID 5 has ended.
