"FreeRTOS Task Aware Debugger for GDB" version 11.2.0 (202001021529)
(c) 2016-2018 NXP Semiconductors, Inc.
==================================
21:09:08.504 INFO: [TadModel] DSF session ID 0 has started.
21:09:15.551 INFO: [TadState] TAD state changed:  DEBUG_STARTED -> DEBUG_INIT_0 (RESUMED, USER_REQUEST)
21:09:15.696 INFO: [TadState] TAD state changed:  DEBUG_INIT_0 -> DEBUG_INIT_1 (SUSPENDED, SIGNAL)
21:09:16.872 INFO: [TadState] TAD state changed:  DEBUG_INIT_1 -> DEBUG_SUSPENDED (RESUMED, USER_REQUEST)
21:09:17.134 INFO: [TadState] TAD state changed:  DEBUG_SUSPENDED -> DEBUG_SUSPENDED (SUSPENDED, BREAKPOINT)
21:09:27.906 INFO: [TadState] TAD state changed:  DEBUG_SUSPENDED -> DEBUG_RESUMED (RESUMED, USER_REQUEST)
21:10:09.632 INFO: [TadState] TAD state changed:  DEBUG_RESUMED -> DEBUG_RESUMED (RESUMED, USER_REQUEST)
21:10:09.696 INFO: [TadState] TAD state changed:  DEBUG_RESUMED -> DEBUG_RESUMED (RESUMED, USER_REQUEST)
21:10:09.698 INFO: [TadState] TAD state changed:  DEBUG_RESUMED -> DEBUG_RESUMED (RESUMED, USER_REQUEST)
21:10:09.902 INFO: [TadState] TAD state changed:  DEBUG_RESUMED -> READY (SUSPENDED, SIGNAL)
21:10:10.101 INFO: [Benchmark] Loading data for "Determine FreeRTOS version" has started.
21:10:10.336 INFO: [TadModel] Heap type (memory allocation scheme) has been identified from FreeRTOSDebugConfig structure as Heap #3. 
21:10:10.337 INFO: [TadModel] FreeRTOS version has been identified from FreeRTOSDebugConfig structure as 10.2.0.
21:10:10.337 INFO: [Benchmark] Loading data for "Determine FreeRTOS version" took 237 ms.
21:10:10.338 INFO: [Benchmark] Loading data for "Heap Usage" has started.
21:10:10.340 INFO: [Benchmark] Loading data for "Heap Usage" took 2 ms.
21:11:36.622 INFO: [TadState] TAD state changed:  READY -> DEBUG_RESUMED (RESUMED, USER_REQUEST)
21:11:38.140 INFO: [TadState] TAD state changed:  DEBUG_RESUMED -> READY (SUSPENDED, SIGNAL)
21:11:38.142 INFO: [Benchmark] Loading data for "Heap Usage" has started.
21:11:38.143 INFO: [Benchmark] Loaded data for "Heap Usage" from cache.
21:11:39.245 INFO: [TadState] TAD state changed:  READY -> DEBUG_RESUMED (RESUMED, USER_REQUEST)
21:11:40.880 INFO: [TadState] TAD state changed:  DEBUG_RESUMED -> READY (SUSPENDED, SIGNAL)
21:11:40.882 INFO: [Benchmark] Loading data for "Heap Usage" has started.
21:11:40.883 INFO: [Benchmark] Loading data for "Heap Usage" took 2 ms.
21:11:51.396 INFO: [TadModel] DSF session ID 0 has ended.
